0 info it worked if it ends with ok
1 verbose cli [ 'node', '/usr/local/bin/npm', 'publish' ]
2 info using npm@2.7.5
3 info using node@v0.10.31
4 verbose publish [ '.' ]
5 silly cache add args [ '.', null ]
6 verbose cache add spec .
7 silly cache add parsed spec { raw: '.',
7 silly cache add   scope: null,
7 silly cache add   name: null,
7 silly cache add   rawSpec: '.',
7 silly cache add   spec: '/Users/chris/Documents/workspace/react/RNBackgroundGeolocation',
7 silly cache add   type: 'directory' }
8 verbose addLocalDirectory /Users/chris/.npm/react-native-background-geolocation/0.0.3/package.tgz not in flight; packing
9 verbose tar pack [ '/Users/chris/.npm/react-native-background-geolocation/0.0.3/package.tgz',
9 verbose tar pack   '/Users/chris/Documents/workspace/react/RNBackgroundGeolocation' ]
10 verbose tarball /Users/chris/.npm/react-native-background-geolocation/0.0.3/package.tgz
11 verbose folder /Users/chris/Documents/workspace/react/RNBackgroundGeolocation
12 info prepublish react-native-background-geolocation@0.0.3
13 verbose addLocalTarball adding from inside cache /Users/chris/.npm/react-native-background-geolocation/0.0.3/package.tgz
14 silly cache afterAdd react-native-background-geolocation@0.0.3
15 verbose afterAdd /Users/chris/.npm/react-native-background-geolocation/0.0.3/package/package.json not in flight; writing
16 verbose afterAdd /Users/chris/.npm/react-native-background-geolocation/0.0.3/package/package.json written
17 silly publish { name: 'react-native-background-geolocation',
17 silly publish   version: '0.0.3',
17 silly publish   description: 'Sophisticated background-geolocation with battery-conscious motion-detection',
17 silly publish   main: 'BackgroundGeolocation.ios.js',
17 silly publish   scripts: { test: 'echo "Error: no test specified" && exit 1' },
17 silly publish   repository:
17 silly publish    { type: 'git',
17 silly publish      url: 'git@github.com:christocracy/react-native-background-geolocation.git' },
17 silly publish   keywords: [ 'react', 'native', 'background', 'geolocation' ],
17 silly publish   author: { name: 'Chris Scott', email: 'chris@transistorsoft.com' },
17 silly publish   license: 'MIT',
17 silly publish   bugs: { url: 'https://github.com/christocracy/react-native-background-geolocation/issues' },
17 silly publish   homepage: 'https://github.com/christocracy/react-native-background-geolocation',
17 silly publish   dependencies: { 'react-native': '^0.4.0' },
17 silly publish   gitHead: '6df3d0b583e203222dd5d0395e167a08c9d60362',
17 silly publish   readme: 'ERROR: No README data found!',
17 silly publish   _id: 'react-native-background-geolocation@0.0.3',
17 silly publish   _shasum: 'ff211dd31e342fdc029a07cc98dc0ff77f313c68',
17 silly publish   _from: '.' }
18 silly mapToRegistry name react-native-background-geolocation
19 silly mapToRegistry using default registry
20 silly mapToRegistry registry https://registry.npmjs.org/
21 silly mapToRegistry uri https://registry.npmjs.org/react-native-background-geolocation
22 verbose publish registryBase https://registry.npmjs.org/
23 silly publish uploading /Users/chris/.npm/react-native-background-geolocation/0.0.3/package.tgz
24 verbose request uri https://registry.npmjs.org/react-native-background-geolocation
25 verbose request sending authorization for write operation
26 info attempt registry request try #1 at 11:22:44
27 verbose request id 3e70ed0377b3cdb4
28 http request PUT https://registry.npmjs.org/react-native-background-geolocation
29 http 403 https://registry.npmjs.org/react-native-background-geolocation
30 verbose headers { date: 'Sun, 19 Apr 2015 15:22:41 GMT',
30 verbose headers   server: 'Apache',
30 verbose headers   'content-type': 'application/json',
30 verbose headers   'cache-control': 'max-age=60',
30 verbose headers   'content-length': '95',
30 verbose headers   'accept-ranges': 'bytes',
30 verbose headers   via: '1.1 varnish',
30 verbose headers   'x-served-by': 'cache-dfw1824-DFW',
30 verbose headers   'x-cache': 'MISS',
30 verbose headers   'x-cache-hits': '0',
30 verbose headers   'x-timer': 'S1429456961.674234,VS0,VE261',
30 verbose headers   'keep-alive': 'timeout=10, max=50',
30 verbose headers   connection: 'Keep-Alive' }
31 verbose request invalidating /Users/chris/.npm/registry.npmjs.org/react-native-background-geolocation on PUT
32 error publish Failed PUT 403
33 verbose stack Error: "You cannot publish over the previously published version 0.0.3." : react-native-background-geolocation
33 verbose stack     at CachingRegistryClient.<anonymous> (/usr/local/lib/node_modules/npm/node_modules/npm-registry-client/lib/request.js:247:14)
33 verbose stack     at Request._callback (/usr/local/lib/node_modules/npm/node_modules/npm-registry-client/lib/request.js:170:14)
33 verbose stack     at Request.self.callback (/usr/local/lib/node_modules/npm/node_modules/request/request.js:360:22)
33 verbose stack     at Request.emit (events.js:98:17)
33 verbose stack     at Request.<anonymous> (/usr/local/lib/node_modules/npm/node_modules/request/request.js:1202:14)
33 verbose stack     at Request.emit (events.js:117:20)
33 verbose stack     at IncomingMessage.<anonymous> (/usr/local/lib/node_modules/npm/node_modules/request/request.js:1150:12)
33 verbose stack     at IncomingMessage.emit (events.js:117:20)
33 verbose stack     at _stream_readable.js:943:16
33 verbose stack     at process._tickCallback (node.js:419:13)
34 verbose statusCode 403
35 verbose pkgid react-native-background-geolocation
36 verbose cwd /Users/chris/Documents/workspace/react/RNBackgroundGeolocation
37 error Darwin 14.3.0
38 error argv "node" "/usr/local/bin/npm" "publish"
39 error node v0.10.31
40 error npm  v2.7.5
41 error code E403
42 error "You cannot publish over the previously published version 0.0.3." : react-native-background-geolocation
43 error If you need help, you may report this error at:
43 error     <https://github.com/npm/npm/issues>
44 verbose exit [ 1, true ]
